<?xml version="1.0" encoding="UTF-8"?>
<!-- Generated by org.testng.reporters.JUnitReportReporter -->
<testsuite skipped="0" hostname="REM-LT-210907A" name="automation_TestNG.TestClass" tests="2" failures="0" timestamp="08 Oct 2021 17:27:49 GMT" time="21.510" errors="0">
  <testcase name="firstCase" time="11.598" classname="automation_TestNG.TestClass"/>
  <testcase name="secondCase" time="9.912" classname="automation_TestNG.TestClass"/>
</testsuite> <!-- automation_TestNG.TestClass -->
