<?xml version="1.0" encoding="UTF-8"?>
<!-- Generated by org.testng.reporters.JUnitReportReporter -->
<testsuite skipped="0" hostname="REM-LT-210907A" name="automation_TestNG.TestClass" tests="2" failures="0" timestamp="06 Oct 2021 20:56:55 GMT" time="17.159" errors="0">
  <testcase name="firstCase" time="7.752" classname="automation_TestNG.TestClass"/>
  <testcase name="secondCase" time="9.407" classname="automation_TestNG.TestClass"/>
</testsuite> <!-- automation_TestNG.TestClass -->
