<?xml version="1.0" encoding="UTF-8"?>
<!-- Generated by org.testng.reporters.JUnitReportReporter -->
<testsuite skipped="0" hostname="REM-LT-210907A" name="automation_TestNG.TestClass" tests="1" failures="0" timestamp="11 Oct 2021 20:15:51 GMT" time="29.168" errors="0">
  <testcase name="Validations" time="29.168" classname="automation_TestNG.TestClass"/>
</testsuite> <!-- automation_TestNG.TestClass -->
